[debug] [2023-03-23T00:00:24.776Z] ----------------------------------------------------------------------
[debug] [2023-03-23T00:00:24.778Z] Command:       C:\Program Files\nodejs\node.exe C:\Users\kekuh\AppData\Roaming\npm\node_modules\firebase-tools\lib\bin\firebase.js emulators:start --only functions
[debug] [2023-03-23T00:00:24.778Z] CLI Version:   11.25.1
[debug] [2023-03-23T00:00:24.778Z] Platform:      win32
[debug] [2023-03-23T00:00:24.778Z] Node Version:  v16.18.0
[debug] [2023-03-23T00:00:24.779Z] Time:          Wed Mar 22 2023 20:00:24 GMT-0400 (Eastern Daylight Time)
[debug] [2023-03-23T00:00:24.779Z] ----------------------------------------------------------------------
[debug] 
[debug] [2023-03-23T00:00:24.882Z] > command requires scopes: ["email","openid","https://www.googleapis.com/auth/cloudplatformprojects.readonly","https://www.googleapis.com/auth/firebase","https://www.googleapis.com/auth/cloud-platform"]
[debug] [2023-03-23T00:00:24.884Z] > authorizing via signed-in user (kekuha1@gmail.com)
[info] i  emulators: Starting emulators: functions {"metadata":{"emulator":{"name":"hub"},"message":"Starting emulators: functions"}}
[debug] [2023-03-23T00:00:24.893Z] [logging] Logging Emulator only supports listening on one address (127.0.0.1). Not listening on ::1
[warn] !  ui: Emulator UI unable to start on port 4000, starting on 4001 instead. {"metadata":{"emulator":{"name":"ui"},"message":"Emulator UI unable to start on port 4000, starting on 4001 instead."}}
[debug] [2023-03-23T00:00:24.894Z] assigned listening specs for emulators {"user":{"hub":[{"address":"127.0.0.1","family":"IPv4","port":4400},{"address":"::1","family":"IPv6","port":4400}],"logging":[{"address":"127.0.0.1","family":"IPv4","port":4500}],"ui":[{"address":"127.0.0.1","family":"IPv4","port":4001},{"address":"::1","family":"IPv6","port":4001}]},"metadata":{"message":"assigned listening specs for emulators"}}
[debug] [2023-03-23T00:00:24.909Z] [hub] writing locator at C:\Users\kekuh\AppData\Local\Temp\hub-whatshop-b56f0.json
[debug] [2023-03-23T00:00:25.012Z] [functions] Functions Emulator only supports listening on one address (127.0.0.1). Not listening on ::1
[debug] [2023-03-23T00:00:25.012Z] [eventarc] Eventarc Emulator only supports listening on one address (127.0.0.1). Not listening on ::1
[debug] [2023-03-23T00:00:25.013Z] late-assigned ports for functions and eventarc emulators {"user":{"hub":[{"address":"127.0.0.1","family":"IPv4","port":4400},{"address":"::1","family":"IPv6","port":4400}],"logging":[{"address":"127.0.0.1","family":"IPv4","port":4500}],"ui":[{"address":"127.0.0.1","family":"IPv4","port":4001},{"address":"::1","family":"IPv6","port":4001}],"functions":[{"address":"127.0.0.1","family":"IPv4","port":5001}],"eventarc":[{"address":"127.0.0.1","family":"IPv4","port":9299}]},"metadata":{"message":"late-assigned ports for functions and eventarc emulators"}}
[warn] !  functions: The following emulators are not running, calls to these services from the Functions emulator will affect production: auth, firestore, database, hosting, pubsub, storage {"metadata":{"emulator":{"name":"functions"},"message":"The following emulators are not running, calls to these services from the Functions emulator will affect production: \u001b[1mauth, firestore, database, hosting, pubsub, storage\u001b[22m"}}
[debug] [2023-03-23T00:00:25.027Z] defaultcredentials: writing to file C:\Users\kekuh\AppData\Roaming\firebase\kekuha1_gmail_com_application_default_credentials.json
[debug] [2023-03-23T00:00:25.060Z] Setting GAC to C:\Users\kekuh\AppData\Roaming\firebase\kekuha1_gmail_com_application_default_credentials.json {"metadata":{"emulator":{"name":"functions"},"message":"Setting GAC to C:\\Users\\kekuh\\AppData\\Roaming\\firebase\\kekuha1_gmail_com_application_default_credentials.json"}}
[debug] [2023-03-23T00:00:25.073Z] >>> [apiv2][query] GET https://firebase.googleapis.com/v1beta1/projects/whatshop-b56f0/adminSdkConfig [none]
[debug] [2023-03-23T00:00:25.335Z] <<< [apiv2][status] GET https://firebase.googleapis.com/v1beta1/projects/whatshop-b56f0/adminSdkConfig 200
[debug] [2023-03-23T00:00:25.336Z] <<< [apiv2][body] GET https://firebase.googleapis.com/v1beta1/projects/whatshop-b56f0/adminSdkConfig {"projectId":"whatshop-b56f0","storageBucket":"whatshop-b56f0.appspot.com"}
[debug] [2023-03-23T00:00:25.356Z] Ignoring unsupported arg: auto_download {"metadata":{"emulator":{"name":"ui"},"message":"Ignoring unsupported arg: auto_download"}}
[debug] [2023-03-23T00:00:25.357Z] Ignoring unsupported arg: port {"metadata":{"emulator":{"name":"ui"},"message":"Ignoring unsupported arg: port"}}
[debug] [2023-03-23T00:00:25.357Z] Starting Emulator UI with command {"binary":"node","args":["C:\\Users\\kekuh\\.cache\\firebase\\emulators\\ui-v1.11.4\\server\\server.js"],"optionalArgs":[],"joinArgs":false} {"metadata":{"emulator":{"name":"ui"},"message":"Starting Emulator UI with command {\"binary\":\"node\",\"args\":[\"C:\\\\Users\\\\kekuh\\\\.cache\\\\firebase\\\\emulators\\\\ui-v1.11.4\\\\server\\\\server.js\"],\"optionalArgs\":[],\"joinArgs\":false}"}}
[info] i  ui: Emulator UI logging to ui-debug.log {"metadata":{"emulator":{"name":"ui"},"message":"Emulator UI logging to \u001b[1mui-debug.log\u001b[22m"}}
[debug] [2023-03-23T00:00:25.729Z] Web / API server started at 127.0.0.1:4001
 {"metadata":{"emulator":{"name":"ui"},"message":"Web / API server started at 127.0.0.1:4001\n"}}
[debug] [2023-03-23T00:00:25.731Z] Web / API server started at ::1:4001
 {"metadata":{"emulator":{"name":"ui"},"message":"Web / API server started at ::1:4001\n"}}
[info] i  functions: Watching "C:\Users\kekuh\Desktop\finalback\WhatsHopBackEnd\functions" for Cloud Functions... {"metadata":{"emulator":{"name":"functions"},"message":"Watching \"C:\\Users\\kekuh\\Desktop\\finalback\\WhatsHopBackEnd\\functions\" for Cloud Functions..."}}
[debug] [2023-03-23T00:00:25.898Z] Validating nodejs source
[debug] [2023-03-23T00:00:28.310Z] > [functions] package.json contents: {
  "name": "functions",
  "scripts": {
    "build": "tsc",
    "build:watch": "tsc --watch",
    "serve": "npm run build && firebase emulators:start --only functions",
    "shell": "npm run build && firebase functions:shell",
    "start": "npm run shell",
    "deploy": "firebase deploy --only functions",
    "logs": "firebase functions:log",
    "serve:dev": "concurrently \"tsc --watch\" \"firebase emulators:start --only functions\""
  },
  "engines": {
    "node": "16"
  },
  "main": "lib/index.js",
  "dependencies": {
    "@types/cors": "^2.8.13",
    "@types/express": "^4.17.17",
    "axios": "^1.3.4",
    "cors": "^2.8.5",
    "express": "^4.18.2",
    "firebase-admin": "^11.5.0",
    "firebase-functions": "^4.2.1",
    "mongodb": "^5.1.0"
  },
  "devDependencies": {
    "concurrently": "^7.6.0",
    "firebase-functions-test": "^3.0.0",
    "typescript": "^4.9.0"
  },
  "private": true
}
[debug] [2023-03-23T00:00:28.310Z] Building nodejs source
[debug] [2023-03-23T00:00:28.311Z] Failed to find version of module node: reached end of search path C:\Users\kekuh\Desktop\finalback\WhatsHopBackEnd\functions\node_modules
[info] +  functions: Using node@16 from host. 
[debug] [2023-03-23T00:00:28.313Z] Could not find functions.yaml. Must use http discovery
[debug] [2023-03-23T00:00:28.317Z] Found firebase-functions binary at 'C:\Users\kekuh\Desktop\finalback\WhatsHopBackEnd\functions\node_modules\.bin\firebase-functions'
[debug] [2023-03-23T00:00:28.806Z] Serving at port 8907

[debug] [2023-03-23T00:00:29.406Z] Got response from /__/functions.yaml {"endpoints":{"api":{"platform":"gcfv1","availableMemoryMb":null,"timeoutSeconds":null,"minInstances":null,"maxInstances":null,"ingressSettings":null,"serviceAccountEmail":null,"vpc":null,"httpsTrigger":{},"entryPoint":"api"}},"specVersion":"v1alpha1","requiredAPIs":[]}
[debug] [2023-03-23T00:00:29.415Z] shutdown requested via /__/quitquitquit

[info] +  functions: Loaded functions definitions from source: api. {"metadata":{"emulator":{"name":"functions"},"message":"Loaded functions definitions from source: api."}}
[info] +  functions[us-central1-api]: http function initialized (http://127.0.0.1:5001/whatshop-b56f0/us-central1/api). {"metadata":{"emulator":{"name":"functions"},"message":"\u001b[1mhttp\u001b[22m function initialized (http://127.0.0.1:5001/whatshop-b56f0/us-central1/api)."}}
[info] 
┌─────────────────────────────────────────────────────────────┐
│ ✔  All emulators ready! It is now safe to connect your app. │
│ i  View Emulator UI at http://127.0.0.1:4001/               │
└─────────────────────────────────────────────────────────────┘

┌───────────┬────────────────┬─────────────────────────────────┐
│ Emulator  │ Host:Port      │ View in Emulator UI             │
├───────────┼────────────────┼─────────────────────────────────┤
│ Functions │ 127.0.0.1:5001 │ http://127.0.0.1:4001/functions │
└───────────┴────────────────┴─────────────────────────────────┘
  Emulator Hub running at 127.0.0.1:4400
  Other reserved ports: 4500

Issues? Report them at https://github.com/firebase/firebase-tools/issues and attach the *-debug.log files.
 
[debug] [2023-03-23T00:00:32.677Z] File C:\Users\kekuh\Desktop\finalback\WhatsHopBackEnd\functions\lib\db.js.map changed, reloading triggers {"metadata":{"emulator":{"name":"functions"},"message":"File C:\\Users\\kekuh\\Desktop\\finalback\\WhatsHopBackEnd\\functions\\lib\\db.js.map changed, reloading triggers"}}
[debug] [2023-03-23T00:00:32.680Z] File C:\Users\kekuh\Desktop\finalback\WhatsHopBackEnd\functions\lib\db.js changed, reloading triggers {"metadata":{"emulator":{"name":"functions"},"message":"File C:\\Users\\kekuh\\Desktop\\finalback\\WhatsHopBackEnd\\functions\\lib\\db.js changed, reloading triggers"}}
[debug] [2023-03-23T00:00:32.687Z] File C:\Users\kekuh\Desktop\finalback\WhatsHopBackEnd\functions\lib\routes\userRouter.js.map changed, reloading triggers {"metadata":{"emulator":{"name":"functions"},"message":"File C:\\Users\\kekuh\\Desktop\\finalback\\WhatsHopBackEnd\\functions\\lib\\routes\\userRouter.js.map changed, reloading triggers"}}
[debug] [2023-03-23T00:00:32.687Z] File C:\Users\kekuh\Desktop\finalback\WhatsHopBackEnd\functions\lib\routes\userRouter.js changed, reloading triggers {"metadata":{"emulator":{"name":"functions"},"message":"File C:\\Users\\kekuh\\Desktop\\finalback\\WhatsHopBackEnd\\functions\\lib\\routes\\userRouter.js changed, reloading triggers"}}
[debug] [2023-03-23T00:00:32.691Z] File C:\Users\kekuh\Desktop\finalback\WhatsHopBackEnd\functions\lib\index.js.map changed, reloading triggers {"metadata":{"emulator":{"name":"functions"},"message":"File C:\\Users\\kekuh\\Desktop\\finalback\\WhatsHopBackEnd\\functions\\lib\\index.js.map changed, reloading triggers"}}
[debug] [2023-03-23T00:00:32.694Z] File C:\Users\kekuh\Desktop\finalback\WhatsHopBackEnd\functions\lib\index.js changed, reloading triggers {"metadata":{"emulator":{"name":"functions"},"message":"File C:\\Users\\kekuh\\Desktop\\finalback\\WhatsHopBackEnd\\functions\\lib\\index.js changed, reloading triggers"}}
[debug] [2023-03-23T00:00:32.695Z] File C:\Users\kekuh\Desktop\finalback\WhatsHopBackEnd\functions\lib\model\Brewery.js.map changed, reloading triggers {"metadata":{"emulator":{"name":"functions"},"message":"File C:\\Users\\kekuh\\Desktop\\finalback\\WhatsHopBackEnd\\functions\\lib\\model\\Brewery.js.map changed, reloading triggers"}}
[debug] [2023-03-23T00:00:32.698Z] File C:\Users\kekuh\Desktop\finalback\WhatsHopBackEnd\functions\lib\model\Brewery.js changed, reloading triggers {"metadata":{"emulator":{"name":"functions"},"message":"File C:\\Users\\kekuh\\Desktop\\finalback\\WhatsHopBackEnd\\functions\\lib\\model\\Brewery.js changed, reloading triggers"}}
[debug] [2023-03-23T00:00:32.699Z] File C:\Users\kekuh\Desktop\finalback\WhatsHopBackEnd\functions\lib\services\breweryservices.js.map changed, reloading triggers {"metadata":{"emulator":{"name":"functions"},"message":"File C:\\Users\\kekuh\\Desktop\\finalback\\WhatsHopBackEnd\\functions\\lib\\services\\breweryservices.js.map changed, reloading triggers"}}
[debug] [2023-03-23T00:00:32.701Z] File C:\Users\kekuh\Desktop\finalback\WhatsHopBackEnd\functions\lib\services\breweryservices.js changed, reloading triggers {"metadata":{"emulator":{"name":"functions"},"message":"File C:\\Users\\kekuh\\Desktop\\finalback\\WhatsHopBackEnd\\functions\\lib\\services\\breweryservices.js changed, reloading triggers"}}
[debug] [2023-03-23T00:00:33.713Z] Validating nodejs source
[debug] [2023-03-23T00:00:35.222Z] > [functions] package.json contents: {
  "name": "functions",
  "scripts": {
    "build": "tsc",
    "build:watch": "tsc --watch",
    "serve": "npm run build && firebase emulators:start --only functions",
    "shell": "npm run build && firebase functions:shell",
    "start": "npm run shell",
    "deploy": "firebase deploy --only functions",
    "logs": "firebase functions:log",
    "serve:dev": "concurrently \"tsc --watch\" \"firebase emulators:start --only functions\""
  },
  "engines": {
    "node": "16"
  },
  "main": "lib/index.js",
  "dependencies": {
    "@types/cors": "^2.8.13",
    "@types/express": "^4.17.17",
    "axios": "^1.3.4",
    "cors": "^2.8.5",
    "express": "^4.18.2",
    "firebase-admin": "^11.5.0",
    "firebase-functions": "^4.2.1",
    "mongodb": "^5.1.0"
  },
  "devDependencies": {
    "concurrently": "^7.6.0",
    "firebase-functions-test": "^3.0.0",
    "typescript": "^4.9.0"
  },
  "private": true
}
[debug] [2023-03-23T00:00:35.222Z] Building nodejs source
[debug] [2023-03-23T00:00:35.222Z] Failed to find version of module node: reached end of search path C:\Users\kekuh\Desktop\finalback\WhatsHopBackEnd\functions\node_modules
[info] +  functions: Using node@16 from host. 
[debug] [2023-03-23T00:00:35.223Z] Could not find functions.yaml. Must use http discovery
[debug] [2023-03-23T00:00:35.227Z] Found firebase-functions binary at 'C:\Users\kekuh\Desktop\finalback\WhatsHopBackEnd\functions\node_modules\.bin\firebase-functions'
[debug] [2023-03-23T00:00:35.635Z] Serving at port 8124

[debug] [2023-03-23T00:00:36.006Z] Got response from /__/functions.yaml {"endpoints":{"api":{"platform":"gcfv1","availableMemoryMb":null,"timeoutSeconds":null,"minInstances":null,"maxInstances":null,"ingressSettings":null,"serviceAccountEmail":null,"vpc":null,"httpsTrigger":{},"entryPoint":"api"}},"specVersion":"v1alpha1","requiredAPIs":[]}
[debug] [2023-03-23T00:00:36.009Z] shutdown requested via /__/quitquitquit

[info] +  functions: Loaded functions definitions from source: api. {"metadata":{"emulator":{"name":"functions"},"message":"Loaded functions definitions from source: api."}}
[debug] [2023-03-23T00:06:36.281Z] [work-queue] {"queuedWork":["/whatshop-b56f0/us-central1/getBreweries/breweries-2023-03-23T00:06:36.281Z"],"queueLength":1,"runningWork":[],"workRunningCount":0}
[debug] [2023-03-23T00:06:36.282Z] [work-queue] {"queuedWork":[],"queueLength":0,"runningWork":["/whatshop-b56f0/us-central1/getBreweries/breweries-2023-03-23T00:06:36.281Z"],"workRunningCount":1}
[debug] [2023-03-23T00:06:36.287Z] [work-queue] {"queuedWork":[],"queueLength":0,"runningWork":[],"workRunningCount":0}
[debug] [2023-03-23T00:06:36.291Z] [work-queue] {"queuedWork":["/whatshop-b56f0/us-central1/getBreweries/breweries-2023-03-23T00:06:36.291Z"],"queueLength":1,"runningWork":[],"workRunningCount":0}
[debug] [2023-03-23T00:06:36.292Z] [work-queue] {"queuedWork":[],"queueLength":0,"runningWork":["/whatshop-b56f0/us-central1/getBreweries/breweries-2023-03-23T00:06:36.291Z"],"workRunningCount":1}
[debug] [2023-03-23T00:06:36.294Z] [work-queue] {"queuedWork":[],"queueLength":0,"runningWork":[],"workRunningCount":0}
[debug] [2023-03-23T00:06:43.233Z] [work-queue] {"queuedWork":["/whatshop-b56f0/us-central1/getBreweries/breweries-2023-03-23T00:06:43.233Z"],"queueLength":1,"runningWork":[],"workRunningCount":0}
[debug] [2023-03-23T00:06:43.234Z] [work-queue] {"queuedWork":[],"queueLength":0,"runningWork":["/whatshop-b56f0/us-central1/getBreweries/breweries-2023-03-23T00:06:43.233Z"],"workRunningCount":1}
[debug] [2023-03-23T00:06:43.235Z] [work-queue] {"queuedWork":[],"queueLength":0,"runningWork":[],"workRunningCount":0}
[debug] [2023-03-23T00:06:43.239Z] [work-queue] {"queuedWork":["/whatshop-b56f0/us-central1/getBreweries/breweries-2023-03-23T00:06:43.239Z"],"queueLength":1,"runningWork":[],"workRunningCount":0}
[debug] [2023-03-23T00:06:43.240Z] [work-queue] {"queuedWork":[],"queueLength":0,"runningWork":["/whatshop-b56f0/us-central1/getBreweries/breweries-2023-03-23T00:06:43.239Z"],"workRunningCount":1}
[debug] [2023-03-23T00:06:43.240Z] [work-queue] {"queuedWork":[],"queueLength":0,"runningWork":[],"workRunningCount":0}
[debug] [2023-03-23T00:07:13.106Z] [work-queue] {"queuedWork":["/whatshop-b56f0/us-central1/getBreweries/breweries-2023-03-23T00:07:13.106Z"],"queueLength":1,"runningWork":[],"workRunningCount":0}
[debug] [2023-03-23T00:07:13.107Z] [work-queue] {"queuedWork":[],"queueLength":0,"runningWork":["/whatshop-b56f0/us-central1/getBreweries/breweries-2023-03-23T00:07:13.106Z"],"workRunningCount":1}
[debug] [2023-03-23T00:07:13.110Z] [work-queue] {"queuedWork":[],"queueLength":0,"runningWork":[],"workRunningCount":0}
[debug] [2023-03-23T00:07:13.114Z] [work-queue] {"queuedWork":["/whatshop-b56f0/us-central1/getBreweries/breweries-2023-03-23T00:07:13.114Z"],"queueLength":1,"runningWork":[],"workRunningCount":0}
[debug] [2023-03-23T00:07:13.114Z] [work-queue] {"queuedWork":[],"queueLength":0,"runningWork":["/whatshop-b56f0/us-central1/getBreweries/breweries-2023-03-23T00:07:13.114Z"],"workRunningCount":1}
[debug] [2023-03-23T00:07:13.115Z] [work-queue] {"queuedWork":[],"queueLength":0,"runningWork":[],"workRunningCount":0}
[debug] [2023-03-23T00:35:17.235Z] [work-queue] {"queuedWork":["/whatshop-b56f0/us-central1/getBreweries/breweries-2023-03-23T00:35:17.234Z"],"queueLength":1,"runningWork":[],"workRunningCount":0}
[debug] [2023-03-23T00:35:17.238Z] [work-queue] {"queuedWork":[],"queueLength":0,"runningWork":["/whatshop-b56f0/us-central1/getBreweries/breweries-2023-03-23T00:35:17.234Z"],"workRunningCount":1}
[debug] [2023-03-23T00:35:17.242Z] [work-queue] {"queuedWork":[],"queueLength":0,"runningWork":[],"workRunningCount":0}
[debug] [2023-03-23T00:49:11.347Z] Received signal SIGINT (Ctrl-C) 1
[info]  
[info] i  emulators: Received SIGINT (Ctrl-C) for the first time. Starting a clean shutdown. 
[info] i  emulators: Please wait for a clean shutdown or send the SIGINT (Ctrl-C) signal again to stop right now. 
[info] i  emulators: Shutting down emulators. {"metadata":{"emulator":{"name":"hub"},"message":"Shutting down emulators."}}
[info] i  ui: Stopping Emulator UI {"metadata":{"emulator":{"name":"ui"},"message":"Stopping Emulator UI"}}
[warn] !  Emulator UI has exited upon receiving signal: SIGINT 
[info] i  functions: Stopping Functions Emulator {"metadata":{"emulator":{"name":"functions"},"message":"Stopping Functions Emulator"}}
[info] i  eventarc: Stopping Eventarc Emulator {"metadata":{"emulator":{"name":"eventarc"},"message":"Stopping Eventarc Emulator"}}
[info] i  hub: Stopping emulator hub {"metadata":{"emulator":{"name":"hub"},"message":"Stopping emulator hub"}}
[info] i  logging: Stopping Logging Emulator {"metadata":{"emulator":{"name":"logging"},"message":"Stopping Logging Emulator"}}
